<?xml version="1.0" encoding="UTF-8"?>
<<<<<<< HEAD
<testsuite xmlns:xsi="http://www.w3.org/2001/XMLSchema-instance" xsi:noNamespaceSchemaLocation="https://maven.apache.org/surefire/maven-surefire-plugin/xsd/surefire-test-report.xsd" name="mylib.AppTest" time="0.091" tests="1" errors="0" skipped="0" failures="0">
=======
<testsuite xmlns:xsi="http://www.w3.org/2001/XMLSchema-instance" xsi:noNamespaceSchemaLocation="https://maven.apache.org/surefire/maven-surefire-plugin/xsd/surefire-test-report.xsd" name="mylib.AppTest" time="0.033" tests="1" errors="0" skipped="0" failures="0">
>>>>>>> 1da12b29cadbe3a7675e223dfd536c92288704fd
  <properties>
    <property name="java.specification.version" value="18"/>
    <property name="sun.jnu.encoding" value="UTF-8"/>
    <property name="java.class.path" value="/Users/kimberleybaldwin/Desktop/ENSF 594/Assignments/ensf594-project-don-t-recurse-at-me/finalproject/target/test-classes:/Users/kimberleybaldwin/Desktop/ENSF 594/Assignments/ensf594-project-don-t-recurse-at-me/finalproject/target/classes:/Users/kimberleybaldwin/.m2/repository/junit/junit/4.11/junit-4.11.jar:/Users/kimberleybaldwin/.m2/repository/org/hamcrest/hamcrest-core/1.3/hamcrest-core-1.3.jar:"/>
    <property name="java.vm.vendor" value="Homebrew"/>
    <property name="sun.arch.data.model" value="64"/>
    <property name="java.vendor.url" value="https://github.com/Homebrew/homebrew-core/issues"/>
    <property name="os.name" value="Mac OS X"/>
    <property name="java.vm.specification.version" value="18"/>
    <property name="sun.java.launcher" value="SUN_STANDARD"/>
    <property name="user.country" value="CA"/>
<<<<<<< HEAD
    <property name="sun.boot.library.path" value="/usr/local/Cellar/openjdk/18.0.1.1/libexec/openjdk.jdk/Contents/Home/lib"/>
    <property name="sun.java.command" value="/Users/kimberleybaldwin/Desktop/ENSF 594/Assignments/ensf594-project-don-t-recurse-at-me/finalproject/target/surefire/surefirebooter11550880851624012217.jar /Users/kimberleybaldwin/Desktop/ENSF 594/Assignments/ensf594-project-don-t-recurse-at-me/finalproject/target/surefire 2022-08-08T18-44-18_217-jvmRun1 surefire2098711619160100224tmp surefire_03716529200066539946tmp"/>
=======
    <property name="sun.boot.library.path" value="/Library/Java/JavaVirtualMachines/jdk-18.0.1.1.jdk/Contents/Home/lib"/>
    <property name="sun.java.command" value="/Users/tysontrail/Desktop/ENSF594/Project/ensf594-project-don-t-recurse-at-me/finalproject/target/surefire/surefirebooter18279097951764771492.jar /Users/tysontrail/Desktop/ENSF594/Project/ensf594-project-don-t-recurse-at-me/finalproject/target/surefire 2022-08-08T18-18-30_358-jvmRun1 surefire11963425708267535743tmp surefire_012428326833419377055tmp"/>
>>>>>>> 1da12b29cadbe3a7675e223dfd536c92288704fd
    <property name="http.nonProxyHosts" value="local|*.local|169.254/16|*.169.254/16"/>
    <property name="jdk.debug" value="release"/>
    <property name="surefire.test.class.path" value="/Users/kimberleybaldwin/Desktop/ENSF 594/Assignments/ensf594-project-don-t-recurse-at-me/finalproject/target/test-classes:/Users/kimberleybaldwin/Desktop/ENSF 594/Assignments/ensf594-project-don-t-recurse-at-me/finalproject/target/classes:/Users/kimberleybaldwin/.m2/repository/junit/junit/4.11/junit-4.11.jar:/Users/kimberleybaldwin/.m2/repository/org/hamcrest/hamcrest-core/1.3/hamcrest-core-1.3.jar:"/>
    <property name="sun.cpu.endian" value="little"/>
    <property name="user.home" value="/Users/kimberleybaldwin"/>
    <property name="user.language" value="en"/>
    <property name="java.specification.vendor" value="Oracle Corporation"/>
    <property name="java.version.date" value="2022-04-22"/>
    <property name="java.home" value="/usr/local/Cellar/openjdk/18.0.1.1/libexec/openjdk.jdk/Contents/Home"/>
    <property name="file.separator" value="/"/>
    <property name="basedir" value="/Users/kimberleybaldwin/Desktop/ENSF 594/Assignments/ensf594-project-don-t-recurse-at-me/finalproject"/>
    <property name="java.vm.compressedOopsMode" value="Zero based"/>
    <property name="line.separator" value="&#10;"/>
    <property name="java.vm.specification.vendor" value="Oracle Corporation"/>
    <property name="java.specification.name" value="Java Platform API Specification"/>
    <property name="apple.awt.application.name" value="ForkedBooter"/>
<<<<<<< HEAD
    <property name="surefire.real.class.path" value="/Users/kimberleybaldwin/Desktop/ENSF 594/Assignments/ensf594-project-don-t-recurse-at-me/finalproject/target/surefire/surefirebooter11550880851624012217.jar"/>
=======
    <property name="surefire.real.class.path" value="/Users/tysontrail/Desktop/ENSF594/Project/ensf594-project-don-t-recurse-at-me/finalproject/target/surefire/surefirebooter18279097951764771492.jar"/>
>>>>>>> 1da12b29cadbe3a7675e223dfd536c92288704fd
    <property name="sun.management.compiler" value="HotSpot 64-Bit Tiered Compilers"/>
    <property name="ftp.nonProxyHosts" value="local|*.local|169.254/16|*.169.254/16"/>
    <property name="java.runtime.version" value="18.0.1.1+0"/>
    <property name="user.name" value="kimberleybaldwin"/>
    <property name="path.separator" value=":"/>
    <property name="os.version" value="11.5.2"/>
    <property name="java.runtime.name" value="OpenJDK Runtime Environment"/>
    <property name="file.encoding" value="UTF-8"/>
    <property name="java.vm.name" value="OpenJDK 64-Bit Server VM"/>
    <property name="java.vendor.version" value="Homebrew"/>
    <property name="localRepository" value="/Users/kimberleybaldwin/.m2/repository"/>
    <property name="java.vendor.url.bug" value="https://github.com/Homebrew/homebrew-core/issues"/>
    <property name="java.io.tmpdir" value="/var/folders/x7/gf2zkxhx0_bfjt6qjzc6830c0000gn/T/"/>
    <property name="java.version" value="18.0.1.1"/>
    <property name="user.dir" value="/Users/kimberleybaldwin/Desktop/ENSF 594/Assignments/ensf594-project-don-t-recurse-at-me/finalproject"/>
    <property name="os.arch" value="x86_64"/>
    <property name="java.vm.specification.name" value="Java Virtual Machine Specification"/>
    <property name="native.encoding" value="UTF-8"/>
    <property name="java.library.path" value="/Users/kimberleybaldwin/Library/Java/Extensions:/Library/Java/Extensions:/Network/Library/Java/Extensions:/System/Library/Java/Extensions:/usr/lib/java:."/>
    <property name="java.vm.info" value="mixed mode, sharing"/>
    <property name="java.vendor" value="Homebrew"/>
    <property name="java.vm.version" value="18.0.1.1+0"/>
    <property name="sun.io.unicode.encoding" value="UnicodeBig"/>
    <property name="socksNonProxyHosts" value="local|*.local|169.254/16|*.169.254/16"/>
    <property name="java.class.version" value="62.0"/>
  </properties>
  <testcase name="shouldAnswerWithTrue" classname="mylib.AppTest" time="0.006"/>
</testsuite>